2025-12-15 19:34:38 [[31MERROR[39M]: SERVER ERROR: No fue posible actualizar la asignación del insumo al producto.
2025-12-15 19:34:38 [[31MERROR[39M]: Error: No fue posible actualizar la asignación del insumo al producto.
    at ProductInputRepository.update (C:\Users\Dioba\Desktop\webshauProjects\Shau_erp-master\backend\src\modules\features\products\assigments\product-input\infrastructure\repository\product-input.repository.ts:119:23)
    at process.processTicksAndRejections (node:internal/process/task_queues:95:5)
    at async UpdateProductInputUseCase.execute (C:\Users\Dioba\Desktop\webshauProjects\Shau_erp-master\backend\src\modules\features\products\assigments\product-input\application\use-cases\update-product-input.usecase.ts:62:44)
    at async update (C:\Users\Dioba\Desktop\webshauProjects\Shau_erp-master\backend\src\modules\features\products\assigments\product-input\infrastructure\http\product-input.controller.ts:116:50)
2025-12-15 19:34:40 [[31MERROR[39M]: SERVER ERROR: No fue posible actualizar la asignación del insumo al producto.
2025-12-15 19:34:40 [[31MERROR[39M]: Error: No fue posible actualizar la asignación del insumo al producto.
    at ProductInputRepository.update (C:\Users\Dioba\Desktop\webshauProjects\Shau_erp-master\backend\src\modules\features\products\assigments\product-input\infrastructure\repository\product-input.repository.ts:119:23)
    at process.processTicksAndRejections (node:internal/process/task_queues:95:5)
    at async UpdateProductInputUseCase.execute (C:\Users\Dioba\Desktop\webshauProjects\Shau_erp-master\backend\src\modules\features\products\assigments\product-input\application\use-cases\update-product-input.usecase.ts:62:44)
    at async update (C:\Users\Dioba\Desktop\webshauProjects\Shau_erp-master\backend\src\modules\features\products\assigments\product-input\infrastructure\http\product-input.controller.ts:116:50)
2025-12-15 19:34:40 [[31MERROR[39M]: SERVER ERROR: No fue posible actualizar la asignación del insumo al producto.
2025-12-15 19:34:40 [[31MERROR[39M]: Error: No fue posible actualizar la asignación del insumo al producto.
    at ProductInputRepository.update (C:\Users\Dioba\Desktop\webshauProjects\Shau_erp-master\backend\src\modules\features\products\assigments\product-input\infrastructure\repository\product-input.repository.ts:119:23)
    at process.processTicksAndRejections (node:internal/process/task_queues:95:5)
    at async UpdateProductInputUseCase.execute (C:\Users\Dioba\Desktop\webshauProjects\Shau_erp-master\backend\src\modules\features\products\assigments\product-input\application\use-cases\update-product-input.usecase.ts:62:44)
    at async update (C:\Users\Dioba\Desktop\webshauProjects\Shau_erp-master\backend\src\modules\features\products\assigments\product-input\infrastructure\http\product-input.controller.ts:116:50)
2025-12-15 19:34:40 [[31MERROR[39M]: SERVER ERROR: No fue posible actualizar la asignación del insumo al producto.
2025-12-15 19:34:40 [[31MERROR[39M]: Error: No fue posible actualizar la asignación del insumo al producto.
    at ProductInputRepository.update (C:\Users\Dioba\Desktop\webshauProjects\Shau_erp-master\backend\src\modules\features\products\assigments\product-input\infrastructure\repository\product-input.repository.ts:119:23)
    at process.processTicksAndRejections (node:internal/process/task_queues:95:5)
    at async UpdateProductInputUseCase.execute (C:\Users\Dioba\Desktop\webshauProjects\Shau_erp-master\backend\src\modules\features\products\assigments\product-input\application\use-cases\update-product-input.usecase.ts:62:44)
    at async update (C:\Users\Dioba\Desktop\webshauProjects\Shau_erp-master\backend\src\modules\features\products\assigments\product-input\infrastructure\http\product-input.controller.ts:116:50)
2025-12-15 19:34:41 [[31MERROR[39M]: SERVER ERROR: No fue posible actualizar la asignación del insumo al producto.
2025-12-15 19:34:41 [[31MERROR[39M]: Error: No fue posible actualizar la asignación del insumo al producto.
    at ProductInputRepository.update (C:\Users\Dioba\Desktop\webshauProjects\Shau_erp-master\backend\src\modules\features\products\assigments\product-input\infrastructure\repository\product-input.repository.ts:119:23)
    at process.processTicksAndRejections (node:internal/process/task_queues:95:5)
    at async UpdateProductInputUseCase.execute (C:\Users\Dioba\Desktop\webshauProjects\Shau_erp-master\backend\src\modules\features\products\assigments\product-input\application\use-cases\update-product-input.usecase.ts:62:44)
    at async update (C:\Users\Dioba\Desktop\webshauProjects\Shau_erp-master\backend\src\modules\features\products\assigments\product-input\infrastructure\http\product-input.controller.ts:116:50)
2025-12-15 19:34:41 [[31MERROR[39M]: SERVER ERROR: No fue posible actualizar la asignación del insumo al producto.
2025-12-15 19:34:41 [[31MERROR[39M]: Error: No fue posible actualizar la asignación del insumo al producto.
    at ProductInputRepository.update (C:\Users\Dioba\Desktop\webshauProjects\Shau_erp-master\backend\src\modules\features\products\assigments\product-input\infrastructure\repository\product-input.repository.ts:119:23)
    at process.processTicksAndRejections (node:internal/process/task_queues:95:5)
    at async UpdateProductInputUseCase.execute (C:\Users\Dioba\Desktop\webshauProjects\Shau_erp-master\backend\src\modules\features\products\assigments\product-input\application\use-cases\update-product-input.usecase.ts:62:44)
    at async update (C:\Users\Dioba\Desktop\webshauProjects\Shau_erp-master\backend\src\modules\features\products\assigments\product-input\infrastructure\http\product-input.controller.ts:116:50)
2025-12-15 19:34:41 [[31MERROR[39M]: SERVER ERROR: No fue posible actualizar la asignación del insumo al producto.
2025-12-15 19:34:41 [[31MERROR[39M]: Error: No fue posible actualizar la asignación del insumo al producto.
    at ProductInputRepository.update (C:\Users\Dioba\Desktop\webshauProjects\Shau_erp-master\backend\src\modules\features\products\assigments\product-input\infrastructure\repository\product-input.repository.ts:119:23)
    at process.processTicksAndRejections (node:internal/process/task_queues:95:5)
    at async UpdateProductInputUseCase.execute (C:\Users\Dioba\Desktop\webshauProjects\Shau_erp-master\backend\src\modules\features\products\assigments\product-input\application\use-cases\update-product-input.usecase.ts:62:44)
    at async update (C:\Users\Dioba\Desktop\webshauProjects\Shau_erp-master\backend\src\modules\features\products\assigments\product-input\infrastructure\http\product-input.controller.ts:116:50)
2025-12-15 19:34:58 [[31MERROR[39M]: SERVER ERROR: No fue posible actualizar la asignación del insumo al producto.
2025-12-15 19:34:58 [[31MERROR[39M]: Error: No fue posible actualizar la asignación del insumo al producto.
    at ProductInputRepository.update (C:\Users\Dioba\Desktop\webshauProjects\Shau_erp-master\backend\src\modules\features\products\assigments\product-input\infrastructure\repository\product-input.repository.ts:119:23)
    at process.processTicksAndRejections (node:internal/process/task_queues:95:5)
    at async UpdateProductInputUseCase.execute (C:\Users\Dioba\Desktop\webshauProjects\Shau_erp-master\backend\src\modules\features\products\assigments\product-input\application\use-cases\update-product-input.usecase.ts:62:44)
    at async update (C:\Users\Dioba\Desktop\webshauProjects\Shau_erp-master\backend\src\modules\features\products\assigments\product-input\infrastructure\http\product-input.controller.ts:116:50)
2025-12-15 19:35:39 [[31MERROR[39M]: SERVER ERROR: No fue posible actualizar la asignación del insumo al producto.
2025-12-15 19:35:39 [[31MERROR[39M]: Error: No fue posible actualizar la asignación del insumo al producto.
    at ProductInputRepository.update (C:\Users\Dioba\Desktop\webshauProjects\Shau_erp-master\backend\src\modules\features\products\assigments\product-input\infrastructure\repository\product-input.repository.ts:119:23)
    at process.processTicksAndRejections (node:internal/process/task_queues:95:5)
    at async UpdateProductInputUseCase.execute (C:\Users\Dioba\Desktop\webshauProjects\Shau_erp-master\backend\src\modules\features\products\assigments\product-input\application\use-cases\update-product-input.usecase.ts:62:44)
    at async update (C:\Users\Dioba\Desktop\webshauProjects\Shau_erp-master\backend\src\modules\features\products\assigments\product-input\infrastructure\http\product-input.controller.ts:116:50)
2025-12-15 19:51:33 [[31MERROR[39M]: SERVER ERROR: No fue posible actualizar la asignación del insumo al producto.
2025-12-15 19:51:33 [[31MERROR[39M]: Error: No fue posible actualizar la asignación del insumo al producto.
    at ProductInputRepository.update (C:\Users\Dioba\Desktop\webshauProjects\Shau_erp-master\backend\src\modules\features\products\assigments\product-input\infrastructure\repository\product-input.repository.ts:119:23)
    at process.processTicksAndRejections (node:internal/process/task_queues:95:5)
    at async UpdateProductInputUseCase.execute (C:\Users\Dioba\Desktop\webshauProjects\Shau_erp-master\backend\src\modules\features\products\assigments\product-input\application\use-cases\update-product-input.usecase.ts:63:44)
    at async update (C:\Users\Dioba\Desktop\webshauProjects\Shau_erp-master\backend\src\modules\features\products\assigments\product-input\infrastructure\http\product-input.controller.ts:116:50)
2025-12-15 19:53:36 [[31MERROR[39M]: SERVER ERROR: No fue posible actualizar la asignación del insumo al producto.
2025-12-15 19:53:36 [[31MERROR[39M]: Error: No fue posible actualizar la asignación del insumo al producto.
    at ProductInputRepository.update (C:\Users\Dioba\Desktop\webshauProjects\Shau_erp-master\backend\src\modules\features\products\assigments\product-input\infrastructure\repository\product-input.repository.ts:119:23)
    at process.processTicksAndRejections (node:internal/process/task_queues:95:5)
    at async UpdateProductInputUseCase.execute (C:\Users\Dioba\Desktop\webshauProjects\Shau_erp-master\backend\src\modules\features\products\assigments\product-input\application\use-cases\update-product-input.usecase.ts:65:44)
    at async update (C:\Users\Dioba\Desktop\webshauProjects\Shau_erp-master\backend\src\modules\features\products\assigments\product-input\infrastructure\http\product-input.controller.ts:116:50)
